<?xml version="1.0" encoding="UTF-8"?>
<!-- Generated by org.testng.reporters.JUnitReportReporter -->
<testsuite hostname="Ravindrakumar-PC" name="Pageobject.java.Logindetail" tests="3" failures="0" timestamp="19 Jan 2020 11:57:22 GMT" time="86.637" errors="0">
  <testcase name="BasicDetailsonloginPage" time="68.521" classname="Pageobject.java.Logindetail"/>
  <testcase name="checkdetailsjap" time="7.831" classname="Pageobject.java.Logindetail"/>
  <testcase name="checkdetailsEn" time="10.285" classname="Pageobject.java.Logindetail"/>
</testsuite> <!-- Pageobject.java.Logindetail -->
